Started at 금 4월 12 00:28:56 UTC 2024
Processing first-pipeline
Offering first-pipeline to Project Build Discarder
Processing free-first-project
Offering free-first-project to Project Build Discarder
Finished at 금 4월 12 00:28:57 UTC 2024. 73ms
Started at 금 4월 12 01:28:57 UTC 2024
Processing first-pipeline
Offering first-pipeline to Project Build Discarder
Processing free-first-project
Offering free-first-project to Project Build Discarder
Finished at 금 4월 12 01:28:57 UTC 2024. 40ms
Started at 금 4월 12 02:28:56 UTC 2024
Processing first-pipeline
Offering first-pipeline to Project Build Discarder
Processing free-first-project
Offering free-first-project to Project Build Discarder
Finished at 금 4월 12 02:28:56 UTC 2024. 40ms
Started at 금 4월 12 03:28:56 UTC 2024
Processing first-pipeline
Offering first-pipeline to Project Build Discarder
Processing free-first-project
Offering free-first-project to Project Build Discarder
Finished at 금 4월 12 03:28:57 UTC 2024. 289ms
